<?xml version="1.0" encoding="UTF-8"?>
<!-- Generated by org.testng.reporters.JUnitReportReporter -->
<testsuite hostname="MOHANRAJ" failures="0" tests="1" name="script.Test3" time="0.003" errors="0" timestamp="2023-03-03T21:30:09 IST" skipped="0">
  <testcase classname="script.Test3" name="tc3" time="0.003"/>
  <system-out>
    <![CDATA[Hello Api]]>
  </system-out>
</testsuite> <!-- script.Test3 -->
