<?xml version="1.0" encoding="UTF-8"?>
<!-- Generated by org.testng.reporters.JUnitReportReporter -->
<testsuite hostname="MOHANRAJ" failures="0" tests="1" name="script.Test2" time="0.029" errors="0" timestamp="2023-03-03T21:30:09 IST" skipped="0">
  <testcase classname="script.Test2" name="tc2" time="0.029"/>
  <system-out>
    <![CDATA[Hello Python]]>
  </system-out>
</testsuite> <!-- script.Test2 -->
