<?xml version="1.0" encoding="UTF-8"?>
<!-- Generated by org.testng.reporters.JUnitReportReporter -->
<testsuite hostname="MOHANRAJ" failures="0" tests="1" name="script.Mr" time="0.027" errors="0" timestamp="2023-03-03T20:47:41 IST" skipped="0">
  <testcase classname="script.Mr" name="tc1" time="0.027"/>
  <system-out>
    <![CDATA[Hello Java]]>
  </system-out>
</testsuite> <!-- script.Mr -->
